<?xml version="1.0" encoding="UTF-8"?>
<coverage generated="1771173933214" clover="3.2.0">
  <project timestamp="1771173933214" name="All files">
    <metrics statements="194" coveredstatements="188" conditionals="78" coveredconditionals="72" methods="56" coveredmethods="54" elements="328" coveredelements="314" complexity="0" loc="194" ncloc="194" packages="7" files="12" classes="12"/>
    <package name="components">
      <metrics statements="2" coveredstatements="2" conditionals="0" coveredconditionals="0" methods="1" coveredmethods="1"/>
      <file name="UserMenu.js" path="C:\Foo Chao\NUS\Y3S2\CS4218\CS4218 project\client\src\components\UserMenu.js">
        <metrics statements="2" coveredstatements="2" conditionals="0" coveredconditionals="0" methods="1" coveredmethods="1"/>
        <line num="3" count="1" type="stmt"/>
        <line num="4" count="5" type="stmt"/>
      </file>
    </package>
    <package name="components.Routes">
      <metrics statements="12" coveredstatements="12" conditionals="6" coveredconditionals="6" methods="3" coveredmethods="3"/>
      <file name="Private.js" path="C:\Foo Chao\NUS\Y3S2\CS4218\CS4218 project\client\src\components\Routes\Private.js">
        <metrics statements="12" coveredstatements="12" conditionals="6" coveredconditionals="6" methods="3" coveredmethods="3"/>
        <line num="10" count="19" type="stmt"/>
        <line num="12" count="19" type="stmt"/>
        <line num="14" count="19" type="stmt"/>
        <line num="15" count="11" type="stmt"/>
        <line num="16" count="9" type="stmt"/>
        <line num="17" count="9" type="cond" truecount="2" falsecount="0"/>
        <line num="18" count="6" type="stmt"/>
        <line num="20" count="3" type="stmt"/>
        <line num="26" count="11" type="cond" truecount="2" falsecount="0"/>
        <line num="27" count="9" type="stmt"/>
        <line num="29" count="2" type="stmt"/>
        <line num="33" count="19" type="cond" truecount="2" falsecount="0"/>
      </file>
    </package>
    <package name="context">
      <metrics statements="28" coveredstatements="28" conditionals="20" coveredconditionals="20" methods="5" coveredmethods="5"/>
      <file name="cart.js" path="C:\Foo Chao\NUS\Y3S2\CS4218\CS4218 project\client\src\context\cart.js">
        <metrics statements="28" coveredstatements="28" conditionals="20" coveredconditionals="20" methods="5" coveredmethods="5"/>
        <line num="26" count="1" type="stmt"/>
        <line num="28" count="1" type="stmt"/>
        <line num="29" count="85" type="stmt"/>
        <line num="30" count="85" type="cond" truecount="2" falsecount="0"/>
        <line num="31" count="85" type="cond" truecount="2" falsecount="0"/>
        <line num="33" count="85" type="stmt"/>
        <line num="36" count="85" type="stmt"/>
        <line num="37" count="38" type="stmt"/>
        <line num="38" count="38" type="stmt"/>
        <line num="39" count="38" type="cond" truecount="2" falsecount="0"/>
        <line num="40" count="36" type="cond" truecount="2" falsecount="0"/>
        <line num="44" count="36" type="cond" truecount="4" falsecount="0"/>
        <line num="45" count="11" type="stmt"/>
        <line num="46" count="11" type="stmt"/>
        <line num="47" count="11" type="cond" truecount="2" falsecount="0"/>
        <line num="48" count="2" type="stmt"/>
        <line num="49" count="2" type="cond" truecount="4" falsecount="0"/>
        <line num="50" count="1" type="stmt"/>
        <line num="58" count="36" type="stmt"/>
        <line num="60" count="2" type="stmt"/>
        <line num="65" count="85" type="stmt"/>
        <line num="66" count="85" type="stmt"/>
        <line num="67" count="85" type="stmt"/>
        <line num="73" count="85" type="stmt"/>
        <line num="80" count="1" type="stmt"/>
        <line num="81" count="90" type="stmt"/>
        <line num="82" count="89" type="cond" truecount="2" falsecount="0"/>
        <line num="83" count="85" type="stmt"/>
      </file>
    </package>
    <package name="pages">
      <metrics statements="52" coveredstatements="52" conditionals="26" coveredconditionals="26" methods="15" coveredmethods="15"/>
      <file name="CartPage.js" path="C:\Foo Chao\NUS\Y3S2\CS4218\CS4218 project\client\src\pages\CartPage.js">
        <metrics statements="48" coveredstatements="48" conditionals="26" coveredconditionals="26" methods="13" coveredmethods="13"/>
        <line num="29" count="1" type="stmt"/>
        <line num="31" count="78" type="stmt"/>
        <line num="32" count="78" type="stmt"/>
        <line num="33" count="78" type="stmt"/>
        <line num="34" count="77" type="stmt"/>
        <line num="35" count="77" type="stmt"/>
        <line num="36" count="77" type="stmt"/>
        <line num="39" count="77" type="stmt"/>
        <line num="40" count="77" type="stmt"/>
        <line num="41" count="77" type="stmt"/>
        <line num="43" count="77" type="stmt"/>
        <line num="44" count="67" type="cond" truecount="2" falsecount="0"/>
        <line num="45" count="67" type="stmt"/>
        <line num="47" count="77" type="stmt"/>
        <line num="52" count="1" type="stmt"/>
        <line num="53" count="1" type="stmt"/>
        <line num="60" count="77" type="stmt"/>
        <line num="61" count="8" type="stmt"/>
        <line num="62" count="8" type="stmt"/>
        <line num="63" count="8" type="stmt"/>
        <line num="64" count="8" type="stmt"/>
        <line num="66" count="1" type="stmt"/>
        <line num="71" count="77" type="stmt"/>
        <line num="72" count="61" type="stmt"/>
        <line num="74" count="61" type="stmt"/>
        <line num="75" count="60" type="stmt"/>
        <line num="77" count="1" type="stmt"/>
        <line num="80" count="77" type="stmt"/>
        <line num="81" count="61" type="stmt"/>
        <line num="85" count="77" type="stmt"/>
        <line num="86" count="3" type="stmt"/>
        <line num="87" count="3" type="stmt"/>
        <line num="88" count="3" type="stmt"/>
        <line num="93" count="1" type="stmt"/>
        <line num="97" count="1" type="stmt"/>
        <line num="98" count="1" type="stmt"/>
        <line num="99" count="1" type="stmt"/>
        <line num="100" count="1" type="stmt"/>
        <line num="102" count="1" type="stmt"/>
        <line num="103" count="1" type="stmt"/>
        <line num="106" count="1" type="stmt"/>
        <line num="109" count="77" type="stmt"/>
        <line num="132" count="67" type="stmt"/>
        <line num="150" count="8" type="stmt"/>
        <line num="170" count="1" type="stmt"/>
        <line num="181" count="1" type="stmt"/>
        <line num="189" count="1" type="stmt"/>
        <line num="211" count="4" type="stmt"/>
      </file>
      <file name="Contact.js" path="C:\Foo Chao\NUS\Y3S2\CS4218\CS4218 project\client\src\pages\Contact.js">
        <metrics statements="2" coveredstatements="2" conditionals="0" coveredconditionals="0" methods="1" coveredmethods="1"/>
        <line num="7" count="1" type="stmt"/>
        <line num="8" count="14" type="stmt"/>
      </file>
      <file name="Policy.js" path="C:\Foo Chao\NUS\Y3S2\CS4218\CS4218 project\client\src\pages\Policy.js">
        <metrics statements="2" coveredstatements="2" conditionals="0" coveredconditionals="0" methods="1" coveredmethods="1"/>
        <line num="8" count="1" type="stmt"/>
        <line num="9" count="8" type="stmt"/>
      </file>
    </package>
    <package name="pages.Auth">
      <metrics statements="49" coveredstatements="46" conditionals="12" coveredconditionals="10" methods="14" coveredmethods="13"/>
      <file name="Login.js" path="C:\Foo Chao\NUS\Y3S2\CS4218\CS4218 project\client\src\pages\Auth\Login.js">
        <metrics statements="22" coveredstatements="20" conditionals="8" coveredconditionals="7" methods="5" coveredmethods="4"/>
        <line num="9" count="1" type="stmt"/>
        <line num="10" count="11" type="stmt"/>
        <line num="11" count="11" type="stmt"/>
        <line num="12" count="11" type="stmt"/>
        <line num="15" count="11" type="stmt"/>
        <line num="16" count="11" type="stmt"/>
        <line num="20" count="11" type="stmt"/>
        <line num="21" count="2" type="stmt"/>
        <line num="22" count="2" type="stmt"/>
        <line num="23" count="2" type="stmt"/>
        <line num="27" count="1" type="cond" truecount="3" falsecount="1"/>
        <line num="28" count="1" type="cond" truecount="2" falsecount="0"/>
        <line num="36" count="1" type="stmt"/>
        <line num="41" count="1" type="stmt"/>
        <line num="42" count="1" type="cond" truecount="2" falsecount="0"/>
        <line num="44" count="0" type="stmt"/>
        <line num="47" count="1" type="stmt"/>
        <line num="48" count="1" type="stmt"/>
        <line num="51" count="11" type="stmt"/>
        <line num="62" count="3" type="stmt"/>
        <line num="73" count="3" type="stmt"/>
        <line num="85" count="0" type="stmt"/>
      </file>
      <file name="Register.js" path="C:\Foo Chao\NUS\Y3S2\CS4218\CS4218 project\client\src\pages\Auth\Register.js">
        <metrics statements="27" coveredstatements="26" conditionals="4" coveredconditionals="3" methods="9" coveredmethods="9"/>
        <line num="7" count="1" type="stmt"/>
        <line num="8" count="16" type="stmt"/>
        <line num="9" count="16" type="stmt"/>
        <line num="10" count="16" type="stmt"/>
        <line num="11" count="16" type="stmt"/>
        <line num="12" count="16" type="stmt"/>
        <line num="13" count="16" type="stmt"/>
        <line num="14" count="16" type="stmt"/>
        <line num="15" count="16" type="stmt"/>
        <line num="18" count="16" type="stmt"/>
        <line num="19" count="2" type="stmt"/>
        <line num="20" count="2" type="stmt"/>
        <line num="21" count="2" type="stmt"/>
        <line num="30" count="1" type="cond" truecount="3" falsecount="1"/>
        <line num="31" count="1" type="stmt"/>
        <line num="32" count="1" type="stmt"/>
        <line num="34" count="0" type="stmt"/>
        <line num="37" count="1" type="stmt"/>
        <line num="38" count="1" type="stmt"/>
        <line num="42" count="16" type="stmt"/>
        <line num="51" count="2" type="stmt"/>
        <line num="63" count="2" type="stmt"/>
        <line num="74" count="2" type="stmt"/>
        <line num="85" count="2" type="stmt"/>
        <line num="96" count="2" type="stmt"/>
        <line num="107" count="2" type="stmt"/>
        <line num="118" count="2" type="stmt"/>
      </file>
    </package>
    <package name="pages.admin">
      <metrics statements="35" coveredstatements="32" conditionals="10" coveredconditionals="8" methods="12" coveredmethods="11"/>
      <file name="AdminOrders.js" path="C:\Foo Chao\NUS\Y3S2\CS4218\CS4218 project\client\src\pages\admin\AdminOrders.js">
        <metrics statements="23" coveredstatements="20" conditionals="4" coveredconditionals="2" methods="8" coveredmethods="7"/>
        <line num="9" count="1" type="stmt"/>
        <line num="11" count="1" type="stmt"/>
        <line num="12" count="9" type="stmt"/>
        <line num="19" count="8" type="stmt"/>
        <line num="20" count="8" type="stmt"/>
        <line num="21" count="8" type="stmt"/>
        <line num="22" count="8" type="stmt"/>
        <line num="23" count="6" type="stmt"/>
        <line num="24" count="6" type="stmt"/>
        <line num="25" count="6" type="stmt"/>
        <line num="27" count="0" type="stmt"/>
        <line num="31" count="8" type="stmt"/>
        <line num="32" count="4" type="cond" truecount="1" falsecount="1"/>
        <line num="35" count="8" type="stmt"/>
        <line num="36" count="2" type="stmt"/>
        <line num="37" count="2" type="stmt"/>
        <line num="40" count="2" type="stmt"/>
        <line num="42" count="0" type="stmt"/>
        <line num="45" count="8" type="stmt"/>
        <line num="54" count="4" type="stmt"/>
        <line num="73" count="2" type="stmt"/>
        <line num="77" count="20" type="stmt"/>
        <line num="92" count="0" type="stmt"/>
      </file>
      <file name="Products.js" path="C:\Foo Chao\NUS\Y3S2\CS4218\CS4218 project\client\src\pages\admin\Products.js">
        <metrics statements="12" coveredstatements="12" conditionals="6" coveredconditionals="6" methods="4" coveredmethods="4"/>
        <line num="32" count="1" type="stmt"/>
        <line num="33" count="37" type="stmt"/>
        <line num="36" count="36" type="stmt"/>
        <line num="37" count="23" type="stmt"/>
        <line num="38" count="23" type="stmt"/>
        <line num="39" count="22" type="cond" truecount="2" falsecount="0"/>
        <line num="41" count="1" type="stmt"/>
        <line num="42" count="1" type="stmt"/>
        <line num="47" count="36" type="stmt"/>
        <line num="48" count="23" type="stmt"/>
        <line num="50" count="36" type="stmt"/>
        <line num="60" count="16" type="stmt"/>
      </file>
    </package>
    <package name="pages.user">
      <metrics statements="16" coveredstatements="16" conditionals="4" coveredconditionals="2" methods="6" coveredmethods="6"/>
      <file name="Dashboard.js" path="C:\Foo Chao\NUS\Y3S2\CS4218\CS4218 project\client\src\pages\user\Dashboard.js">
        <metrics statements="3" coveredstatements="3" conditionals="0" coveredconditionals="0" methods="1" coveredmethods="1"/>
        <line num="5" count="1" type="stmt"/>
        <line num="6" count="10" type="stmt"/>
        <line num="7" count="10" type="stmt"/>
      </file>
      <file name="Orders.js" path="C:\Foo Chao\NUS\Y3S2\CS4218\CS4218 project\client\src\pages\user\Orders.js">
        <metrics statements="13" coveredstatements="13" conditionals="4" coveredconditionals="2" methods="5" coveredmethods="5"/>
        <line num="8" count="1" type="stmt"/>
        <line num="9" count="7" type="stmt"/>
        <line num="10" count="7" type="stmt"/>
        <line num="11" count="7" type="stmt"/>
        <line num="12" count="5" type="stmt"/>
        <line num="13" count="5" type="stmt"/>
        <line num="14" count="3" type="stmt"/>
        <line num="16" count="2" type="stmt"/>
        <line num="20" count="7" type="stmt"/>
        <line num="21" count="5" type="cond" truecount="1" falsecount="1"/>
        <line num="23" count="7" type="stmt"/>
        <line num="33" count="3" type="stmt"/>
        <line num="59" count="3" type="stmt"/>
      </file>
    </package>
  </project>
</coverage>
