{"C:\\Foo Chao\\NUS\\Y3S2\\CS4218\\CS4218 project\\controllers\\authController.js": {"path":"C:\\Foo Chao\\NUS\\Y3S2\\CS4218\\CS4218 project\\controllers\\authController.js","statementMap":{"0":{"start":{"line":7,"column":34},"end":{"line":63,"column":1}},"1":{"start":{"line":8,"column":2},"end":{"line":62,"column":3}},"2":{"start":{"line":9,"column":62},"end":{"line":9,"column":70}},"3":{"start":{"line":11,"column":4},"end":{"line":13,"column":5}},"4":{"start":{"line":12,"column":6},"end":{"line":12,"column":53}},"5":{"start":{"line":14,"column":4},"end":{"line":16,"column":5}},"6":{"start":{"line":15,"column":6},"end":{"line":15,"column":56}},"7":{"start":{"line":17,"column":4},"end":{"line":19,"column":5}},"8":{"start":{"line":18,"column":6},"end":{"line":18,"column":59}},"9":{"start":{"line":20,"column":4},"end":{"line":22,"column":5}},"10":{"start":{"line":21,"column":6},"end":{"line":21,"column":59}},"11":{"start":{"line":23,"column":4},"end":{"line":25,"column":5}},"12":{"start":{"line":24,"column":6},"end":{"line":24,"column":58}},"13":{"start":{"line":26,"column":4},"end":{"line":28,"column":5}},"14":{"start":{"line":27,"column":6},"end":{"line":27,"column":57}},"15":{"start":{"line":30,"column":26},"end":{"line":30,"column":60}},"16":{"start":{"line":32,"column":4},"end":{"line":37,"column":5}},"17":{"start":{"line":33,"column":6},"end":{"line":36,"column":9}},"18":{"start":{"line":39,"column":27},"end":{"line":39,"column":55}},"19":{"start":{"line":41,"column":17},"end":{"line":48,"column":13}},"20":{"start":{"line":50,"column":4},"end":{"line":54,"column":7}},"21":{"start":{"line":56,"column":4},"end":{"line":56,"column":23}},"22":{"start":{"line":57,"column":4},"end":{"line":61,"column":7}},"23":{"start":{"line":66,"column":31},"end":{"line":116,"column":1}},"24":{"start":{"line":67,"column":2},"end":{"line":115,"column":3}},"25":{"start":{"line":68,"column":32},"end":{"line":68,"column":40}},"26":{"start":{"line":70,"column":4},"end":{"line":75,"column":5}},"27":{"start":{"line":71,"column":6},"end":{"line":74,"column":9}},"28":{"start":{"line":77,"column":17},"end":{"line":77,"column":51}},"29":{"start":{"line":78,"column":4},"end":{"line":83,"column":5}},"30":{"start":{"line":79,"column":6},"end":{"line":82,"column":9}},"31":{"start":{"line":84,"column":18},"end":{"line":84,"column":64}},"32":{"start":{"line":85,"column":4},"end":{"line":90,"column":5}},"33":{"start":{"line":86,"column":6},"end":{"line":89,"column":9}},"34":{"start":{"line":92,"column":18},"end":{"line":94,"column":6}},"35":{"start":{"line":95,"column":4},"end":{"line":107,"column":7}},"36":{"start":{"line":109,"column":4},"end":{"line":109,"column":23}},"37":{"start":{"line":110,"column":4},"end":{"line":114,"column":7}},"38":{"start":{"line":120,"column":40},"end":{"line":155,"column":1}},"39":{"start":{"line":121,"column":2},"end":{"line":154,"column":3}},"40":{"start":{"line":122,"column":43},"end":{"line":122,"column":51}},"41":{"start":{"line":123,"column":4},"end":{"line":125,"column":5}},"42":{"start":{"line":124,"column":6},"end":{"line":124,"column":60}},"43":{"start":{"line":126,"column":4},"end":{"line":128,"column":5}},"44":{"start":{"line":127,"column":6},"end":{"line":127,"column":62}},"45":{"start":{"line":129,"column":4},"end":{"line":131,"column":5}},"46":{"start":{"line":130,"column":6},"end":{"line":130,"column":68}},"47":{"start":{"line":133,"column":17},"end":{"line":133,"column":59}},"48":{"start":{"line":135,"column":4},"end":{"line":140,"column":5}},"49":{"start":{"line":136,"column":6},"end":{"line":139,"column":9}},"50":{"start":{"line":141,"column":19},"end":{"line":141,"column":50}},"51":{"start":{"line":142,"column":4},"end":{"line":142,"column":70}},"52":{"start":{"line":143,"column":4},"end":{"line":146,"column":7}},"53":{"start":{"line":148,"column":4},"end":{"line":148,"column":23}},"54":{"start":{"line":149,"column":4},"end":{"line":153,"column":7}},"55":{"start":{"line":158,"column":30},"end":{"line":165,"column":1}},"56":{"start":{"line":159,"column":2},"end":{"line":164,"column":3}},"57":{"start":{"line":160,"column":4},"end":{"line":160,"column":33}},"58":{"start":{"line":162,"column":4},"end":{"line":162,"column":23}},"59":{"start":{"line":163,"column":4},"end":{"line":163,"column":24}},"60":{"start":{"line":168,"column":39},"end":{"line":200,"column":1}},"61":{"start":{"line":169,"column":2},"end":{"line":199,"column":3}},"62":{"start":{"line":170,"column":54},"end":{"line":170,"column":62}},"63":{"start":{"line":171,"column":17},"end":{"line":171,"column":55}},"64":{"start":{"line":173,"column":4},"end":{"line":175,"column":5}},"65":{"start":{"line":174,"column":6},"end":{"line":174,"column":79}},"66":{"start":{"line":176,"column":27},"end":{"line":176,"column":78}},"67":{"start":{"line":177,"column":24},"end":{"line":186,"column":5}},"68":{"start":{"line":187,"column":4},"end":{"line":191,"column":7}},"69":{"start":{"line":193,"column":4},"end":{"line":193,"column":23}},"70":{"start":{"line":194,"column":4},"end":{"line":198,"column":7}},"71":{"start":{"line":203,"column":35},"end":{"line":218,"column":1}},"72":{"start":{"line":204,"column":2},"end":{"line":217,"column":3}},"73":{"start":{"line":205,"column":19},"end":{"line":208,"column":32}},"74":{"start":{"line":209,"column":4},"end":{"line":209,"column":21}},"75":{"start":{"line":211,"column":4},"end":{"line":211,"column":23}},"76":{"start":{"line":212,"column":4},"end":{"line":216,"column":7}},"77":{"start":{"line":220,"column":38},"end":{"line":236,"column":1}},"78":{"start":{"line":221,"column":2},"end":{"line":235,"column":3}},"79":{"start":{"line":222,"column":19},"end":{"line":226,"column":32}},"80":{"start":{"line":227,"column":4},"end":{"line":227,"column":21}},"81":{"start":{"line":229,"column":4},"end":{"line":229,"column":23}},"82":{"start":{"line":230,"column":4},"end":{"line":234,"column":7}},"83":{"start":{"line":239,"column":37},"end":{"line":257,"column":1}},"84":{"start":{"line":240,"column":2},"end":{"line":256,"column":3}},"85":{"start":{"line":241,"column":24},"end":{"line":241,"column":34}},"86":{"start":{"line":242,"column":23},"end":{"line":242,"column":31}},"87":{"start":{"line":243,"column":19},"end":{"line":247,"column":5}},"88":{"start":{"line":248,"column":4},"end":{"line":248,"column":21}},"89":{"start":{"line":250,"column":4},"end":{"line":250,"column":23}},"90":{"start":{"line":251,"column":4},"end":{"line":255,"column":7}}},"fnMap":{"0":{"name":"(anonymous_0)","decl":{"start":{"line":7,"column":34},"end":{"line":7,"column":35}},"loc":{"start":{"line":7,"column":54},"end":{"line":63,"column":1}},"line":7},"1":{"name":"(anonymous_1)","decl":{"start":{"line":66,"column":31},"end":{"line":66,"column":32}},"loc":{"start":{"line":66,"column":51},"end":{"line":116,"column":1}},"line":66},"2":{"name":"(anonymous_2)","decl":{"start":{"line":120,"column":40},"end":{"line":120,"column":41}},"loc":{"start":{"line":120,"column":60},"end":{"line":155,"column":1}},"line":120},"3":{"name":"(anonymous_3)","decl":{"start":{"line":158,"column":30},"end":{"line":158,"column":31}},"loc":{"start":{"line":158,"column":44},"end":{"line":165,"column":1}},"line":158},"4":{"name":"(anonymous_4)","decl":{"start":{"line":168,"column":39},"end":{"line":168,"column":40}},"loc":{"start":{"line":168,"column":59},"end":{"line":200,"column":1}},"line":168},"5":{"name":"(anonymous_5)","decl":{"start":{"line":203,"column":35},"end":{"line":203,"column":36}},"loc":{"start":{"line":203,"column":55},"end":{"line":218,"column":1}},"line":203},"6":{"name":"(anonymous_6)","decl":{"start":{"line":220,"column":38},"end":{"line":220,"column":39}},"loc":{"start":{"line":220,"column":58},"end":{"line":236,"column":1}},"line":220},"7":{"name":"(anonymous_7)","decl":{"start":{"line":239,"column":37},"end":{"line":239,"column":38}},"loc":{"start":{"line":239,"column":57},"end":{"line":257,"column":1}},"line":239}},"branchMap":{"0":{"loc":{"start":{"line":11,"column":4},"end":{"line":13,"column":5}},"type":"if","locations":[{"start":{"line":11,"column":4},"end":{"line":13,"column":5}},{"start":{},"end":{}}],"line":11},"1":{"loc":{"start":{"line":14,"column":4},"end":{"line":16,"column":5}},"type":"if","locations":[{"start":{"line":14,"column":4},"end":{"line":16,"column":5}},{"start":{},"end":{}}],"line":14},"2":{"loc":{"start":{"line":17,"column":4},"end":{"line":19,"column":5}},"type":"if","locations":[{"start":{"line":17,"column":4},"end":{"line":19,"column":5}},{"start":{},"end":{}}],"line":17},"3":{"loc":{"start":{"line":20,"column":4},"end":{"line":22,"column":5}},"type":"if","locations":[{"start":{"line":20,"column":4},"end":{"line":22,"column":5}},{"start":{},"end":{}}],"line":20},"4":{"loc":{"start":{"line":23,"column":4},"end":{"line":25,"column":5}},"type":"if","locations":[{"start":{"line":23,"column":4},"end":{"line":25,"column":5}},{"start":{},"end":{}}],"line":23},"5":{"loc":{"start":{"line":26,"column":4},"end":{"line":28,"column":5}},"type":"if","locations":[{"start":{"line":26,"column":4},"end":{"line":28,"column":5}},{"start":{},"end":{}}],"line":26},"6":{"loc":{"start":{"line":32,"column":4},"end":{"line":37,"column":5}},"type":"if","locations":[{"start":{"line":32,"column":4},"end":{"line":37,"column":5}},{"start":{},"end":{}}],"line":32},"7":{"loc":{"start":{"line":70,"column":4},"end":{"line":75,"column":5}},"type":"if","locations":[{"start":{"line":70,"column":4},"end":{"line":75,"column":5}},{"start":{},"end":{}}],"line":70},"8":{"loc":{"start":{"line":70,"column":8},"end":{"line":70,"column":27}},"type":"binary-expr","locations":[{"start":{"line":70,"column":8},"end":{"line":70,"column":14}},{"start":{"line":70,"column":18},"end":{"line":70,"column":27}}],"line":70},"9":{"loc":{"start":{"line":78,"column":4},"end":{"line":83,"column":5}},"type":"if","locations":[{"start":{"line":78,"column":4},"end":{"line":83,"column":5}},{"start":{},"end":{}}],"line":78},"10":{"loc":{"start":{"line":85,"column":4},"end":{"line":90,"column":5}},"type":"if","locations":[{"start":{"line":85,"column":4},"end":{"line":90,"column":5}},{"start":{},"end":{}}],"line":85},"11":{"loc":{"start":{"line":123,"column":4},"end":{"line":125,"column":5}},"type":"if","locations":[{"start":{"line":123,"column":4},"end":{"line":125,"column":5}},{"start":{},"end":{}}],"line":123},"12":{"loc":{"start":{"line":126,"column":4},"end":{"line":128,"column":5}},"type":"if","locations":[{"start":{"line":126,"column":4},"end":{"line":128,"column":5}},{"start":{},"end":{}}],"line":126},"13":{"loc":{"start":{"line":129,"column":4},"end":{"line":131,"column":5}},"type":"if","locations":[{"start":{"line":129,"column":4},"end":{"line":131,"column":5}},{"start":{},"end":{}}],"line":129},"14":{"loc":{"start":{"line":135,"column":4},"end":{"line":140,"column":5}},"type":"if","locations":[{"start":{"line":135,"column":4},"end":{"line":140,"column":5}},{"start":{},"end":{}}],"line":135},"15":{"loc":{"start":{"line":173,"column":4},"end":{"line":175,"column":5}},"type":"if","locations":[{"start":{"line":173,"column":4},"end":{"line":175,"column":5}},{"start":{},"end":{}}],"line":173},"16":{"loc":{"start":{"line":173,"column":8},"end":{"line":173,"column":39}},"type":"binary-expr","locations":[{"start":{"line":173,"column":8},"end":{"line":173,"column":16}},{"start":{"line":173,"column":20},"end":{"line":173,"column":39}}],"line":173},"17":{"loc":{"start":{"line":176,"column":27},"end":{"line":176,"column":78}},"type":"cond-expr","locations":[{"start":{"line":176,"column":38},"end":{"line":176,"column":66}},{"start":{"line":176,"column":69},"end":{"line":176,"column":78}}],"line":176},"18":{"loc":{"start":{"line":180,"column":14},"end":{"line":180,"column":31}},"type":"binary-expr","locations":[{"start":{"line":180,"column":14},"end":{"line":180,"column":18}},{"start":{"line":180,"column":22},"end":{"line":180,"column":31}}],"line":180},"19":{"loc":{"start":{"line":181,"column":18},"end":{"line":181,"column":49}},"type":"binary-expr","locations":[{"start":{"line":181,"column":18},"end":{"line":181,"column":32}},{"start":{"line":181,"column":36},"end":{"line":181,"column":49}}],"line":181},"20":{"loc":{"start":{"line":182,"column":15},"end":{"line":182,"column":34}},"type":"binary-expr","locations":[{"start":{"line":182,"column":15},"end":{"line":182,"column":20}},{"start":{"line":182,"column":24},"end":{"line":182,"column":34}}],"line":182},"21":{"loc":{"start":{"line":183,"column":17},"end":{"line":183,"column":40}},"type":"binary-expr","locations":[{"start":{"line":183,"column":17},"end":{"line":183,"column":24}},{"start":{"line":183,"column":28},"end":{"line":183,"column":40}}],"line":183}},"s":{"0":0,"1":0,"2":0,"3":0,"4":0,"5":0,"6":0,"7":0,"8":0,"9":0,"10":0,"11":0,"12":0,"13":0,"14":0,"15":0,"16":0,"17":0,"18":0,"19":0,"20":0,"21":0,"22":0,"23":0,"24":0,"25":0,"26":0,"27":0,"28":0,"29":0,"30":0,"31":0,"32":0,"33":0,"34":0,"35":0,"36":0,"37":0,"38":0,"39":0,"40":0,"41":0,"42":0,"43":0,"44":0,"45":0,"46":0,"47":0,"48":0,"49":0,"50":0,"51":0,"52":0,"53":0,"54":0,"55":0,"56":0,"57":0,"58":0,"59":0,"60":0,"61":0,"62":0,"63":0,"64":0,"65":0,"66":0,"67":0,"68":0,"69":0,"70":0,"71":0,"72":0,"73":0,"74":0,"75":0,"76":0,"77":0,"78":0,"79":0,"80":0,"81":0,"82":0,"83":0,"84":0,"85":0,"86":0,"87":0,"88":0,"89":0,"90":0},"f":{"0":0,"1":0,"2":0,"3":0,"4":0,"5":0,"6":0,"7":0},"b":{"0":[0,0],"1":[0,0],"2":[0,0],"3":[0,0],"4":[0,0],"5":[0,0],"6":[0,0],"7":[0,0],"8":[0,0],"9":[0,0],"10":[0,0],"11":[0,0],"12":[0,0],"13":[0,0],"14":[0,0],"15":[0,0],"16":[0,0],"17":[0,0],"18":[0,0],"19":[0,0],"20":[0,0],"21":[0,0]}}
,"C:\\Foo Chao\\NUS\\Y3S2\\CS4218\\CS4218 project\\controllers\\categoryController.js": {"path":"C:\\Foo Chao\\NUS\\Y3S2\\CS4218\\CS4218 project\\controllers\\categoryController.js","statementMap":{"0":{"start":{"line":3,"column":40},"end":{"line":33,"column":1}},"1":{"start":{"line":4,"column":2},"end":{"line":32,"column":3}},"2":{"start":{"line":5,"column":21},"end":{"line":5,"column":29}},"3":{"start":{"line":6,"column":4},"end":{"line":8,"column":5}},"4":{"start":{"line":7,"column":6},"end":{"line":7,"column":67}},"5":{"start":{"line":9,"column":29},"end":{"line":9,"column":66}},"6":{"start":{"line":10,"column":4},"end":{"line":15,"column":5}},"7":{"start":{"line":11,"column":6},"end":{"line":14,"column":9}},"8":{"start":{"line":16,"column":21},"end":{"line":19,"column":13}},"9":{"start":{"line":20,"column":4},"end":{"line":24,"column":7}},"10":{"start":{"line":26,"column":4},"end":{"line":26,"column":23}},"11":{"start":{"line":27,"column":4},"end":{"line":31,"column":7}},"12":{"start":{"line":36,"column":40},"end":{"line":58,"column":1}},"13":{"start":{"line":37,"column":2},"end":{"line":57,"column":3}},"14":{"start":{"line":38,"column":21},"end":{"line":38,"column":29}},"15":{"start":{"line":39,"column":19},"end":{"line":39,"column":29}},"16":{"start":{"line":40,"column":21},"end":{"line":44,"column":5}},"17":{"start":{"line":45,"column":4},"end":{"line":49,"column":7}},"18":{"start":{"line":51,"column":4},"end":{"line":51,"column":23}},"19":{"start":{"line":52,"column":4},"end":{"line":56,"column":7}},"20":{"start":{"line":61,"column":35},"end":{"line":77,"column":1}},"21":{"start":{"line":62,"column":2},"end":{"line":76,"column":3}},"22":{"start":{"line":63,"column":21},"end":{"line":63,"column":49}},"23":{"start":{"line":64,"column":4},"end":{"line":68,"column":7}},"24":{"start":{"line":70,"column":4},"end":{"line":70,"column":23}},"25":{"start":{"line":71,"column":4},"end":{"line":75,"column":7}},"26":{"start":{"line":80,"column":40},"end":{"line":96,"column":1}},"27":{"start":{"line":81,"column":2},"end":{"line":95,"column":3}},"28":{"start":{"line":82,"column":21},"end":{"line":82,"column":75}},"29":{"start":{"line":83,"column":4},"end":{"line":87,"column":7}},"30":{"start":{"line":89,"column":4},"end":{"line":89,"column":23}},"31":{"start":{"line":90,"column":4},"end":{"line":94,"column":7}},"32":{"start":{"line":99,"column":40},"end":{"line":115,"column":1}},"33":{"start":{"line":100,"column":2},"end":{"line":114,"column":3}},"34":{"start":{"line":101,"column":19},"end":{"line":101,"column":29}},"35":{"start":{"line":102,"column":4},"end":{"line":102,"column":46}},"36":{"start":{"line":103,"column":4},"end":{"line":106,"column":7}},"37":{"start":{"line":108,"column":4},"end":{"line":108,"column":23}},"38":{"start":{"line":109,"column":4},"end":{"line":113,"column":7}}},"fnMap":{"0":{"name":"(anonymous_0)","decl":{"start":{"line":3,"column":40},"end":{"line":3,"column":41}},"loc":{"start":{"line":3,"column":60},"end":{"line":33,"column":1}},"line":3},"1":{"name":"(anonymous_1)","decl":{"start":{"line":36,"column":40},"end":{"line":36,"column":41}},"loc":{"start":{"line":36,"column":60},"end":{"line":58,"column":1}},"line":36},"2":{"name":"(anonymous_2)","decl":{"start":{"line":61,"column":35},"end":{"line":61,"column":36}},"loc":{"start":{"line":61,"column":55},"end":{"line":77,"column":1}},"line":61},"3":{"name":"(anonymous_3)","decl":{"start":{"line":80,"column":40},"end":{"line":80,"column":41}},"loc":{"start":{"line":80,"column":60},"end":{"line":96,"column":1}},"line":80},"4":{"name":"(anonymous_4)","decl":{"start":{"line":99,"column":40},"end":{"line":99,"column":41}},"loc":{"start":{"line":99,"column":60},"end":{"line":115,"column":1}},"line":99}},"branchMap":{"0":{"loc":{"start":{"line":6,"column":4},"end":{"line":8,"column":5}},"type":"if","locations":[{"start":{"line":6,"column":4},"end":{"line":8,"column":5}},{"start":{},"end":{}}],"line":6},"1":{"loc":{"start":{"line":10,"column":4},"end":{"line":15,"column":5}},"type":"if","locations":[{"start":{"line":10,"column":4},"end":{"line":15,"column":5}},{"start":{},"end":{}}],"line":10}},"s":{"0":0,"1":0,"2":0,"3":0,"4":0,"5":0,"6":0,"7":0,"8":0,"9":0,"10":0,"11":0,"12":0,"13":0,"14":0,"15":0,"16":0,"17":0,"18":0,"19":0,"20":0,"21":0,"22":0,"23":0,"24":0,"25":0,"26":0,"27":0,"28":0,"29":0,"30":0,"31":0,"32":0,"33":0,"34":0,"35":0,"36":0,"37":0,"38":0},"f":{"0":0,"1":0,"2":0,"3":0,"4":0},"b":{"0":[0,0],"1":[0,0]}}
,"C:\\Foo Chao\\NUS\\Y3S2\\CS4218\\CS4218 project\\controllers\\productController.js": {"path":"C:\\Foo Chao\\NUS\\Y3S2\\CS4218\\CS4218 project\\controllers\\productController.js","statementMap":{"0":{"start":{"line":10,"column":0},"end":{"line":10,"column":16}},"1":{"start":{"line":13,"column":14},"end":{"line":18,"column":2}},"2":{"start":{"line":20,"column":39},"end":{"line":76,"column":1}},"3":{"start":{"line":21,"column":2},"end":{"line":75,"column":3}},"4":{"start":{"line":22,"column":4},"end":{"line":24,"column":5}},"5":{"start":{"line":23,"column":6},"end":{"line":23,"column":76}},"6":{"start":{"line":26,"column":6},"end":{"line":26,"column":16}},"7":{"start":{"line":27,"column":24},"end":{"line":27,"column":84}},"8":{"start":{"line":28,"column":18},"end":{"line":28,"column":35}},"9":{"start":{"line":30,"column":4},"end":{"line":45,"column":5}},"10":{"start":{"line":32,"column":8},"end":{"line":32,"column":67}},"11":{"start":{"line":34,"column":8},"end":{"line":34,"column":74}},"12":{"start":{"line":36,"column":8},"end":{"line":36,"column":68}},"13":{"start":{"line":38,"column":8},"end":{"line":38,"column":71}},"14":{"start":{"line":40,"column":8},"end":{"line":40,"column":71}},"15":{"start":{"line":42,"column":8},"end":{"line":44,"column":60}},"16":{"start":{"line":47,"column":21},"end":{"line":55,"column":6}},"17":{"start":{"line":56,"column":4},"end":{"line":61,"column":5}},"18":{"start":{"line":57,"column":6},"end":{"line":60,"column":8}},"19":{"start":{"line":62,"column":4},"end":{"line":62,"column":26}},"20":{"start":{"line":63,"column":4},"end":{"line":67,"column":7}},"21":{"start":{"line":69,"column":24},"end":{"line":69,"column":79}},"22":{"start":{"line":70,"column":4},"end":{"line":74,"column":7}},"23":{"start":{"line":79,"column":36},"end":{"line":101,"column":1}},"24":{"start":{"line":80,"column":2},"end":{"line":100,"column":3}},"25":{"start":{"line":81,"column":21},"end":{"line":86,"column":30}},"26":{"start":{"line":87,"column":4},"end":{"line":92,"column":7}},"27":{"start":{"line":94,"column":24},"end":{"line":94,"column":79}},"28":{"start":{"line":95,"column":4},"end":{"line":99,"column":7}},"29":{"start":{"line":103,"column":42},"end":{"line":122,"column":1}},"30":{"start":{"line":104,"column":2},"end":{"line":121,"column":3}},"31":{"start":{"line":105,"column":20},"end":{"line":108,"column":27}},"32":{"start":{"line":109,"column":4},"end":{"line":113,"column":7}},"33":{"start":{"line":115,"column":24},"end":{"line":115,"column":81}},"34":{"start":{"line":116,"column":4},"end":{"line":120,"column":7}},"35":{"start":{"line":125,"column":38},"end":{"line":140,"column":1}},"36":{"start":{"line":126,"column":2},"end":{"line":139,"column":3}},"37":{"start":{"line":127,"column":20},"end":{"line":127,"column":79}},"38":{"start":{"line":128,"column":4},"end":{"line":131,"column":5}},"39":{"start":{"line":129,"column":6},"end":{"line":129,"column":57}},"40":{"start":{"line":130,"column":6},"end":{"line":130,"column":54}},"41":{"start":{"line":133,"column":24},"end":{"line":133,"column":81}},"42":{"start":{"line":134,"column":4},"end":{"line":138,"column":7}},"43":{"start":{"line":143,"column":39},"end":{"line":174,"column":1}},"44":{"start":{"line":144,"column":2},"end":{"line":173,"column":3}},"45":{"start":{"line":145,"column":20},"end":{"line":145,"column":30}},"46":{"start":{"line":148,"column":4},"end":{"line":153,"column":5}},"47":{"start":{"line":149,"column":6},"end":{"line":152,"column":9}},"48":{"start":{"line":155,"column":20},"end":{"line":155,"column":78}},"49":{"start":{"line":156,"column":4},"end":{"line":161,"column":5}},"50":{"start":{"line":157,"column":6},"end":{"line":160,"column":9}},"51":{"start":{"line":162,"column":4},"end":{"line":165,"column":7}},"52":{"start":{"line":167,"column":24},"end":{"line":167,"column":81}},"53":{"start":{"line":168,"column":4},"end":{"line":172,"column":7}},"54":{"start":{"line":177,"column":39},"end":{"line":223,"column":1}},"55":{"start":{"line":178,"column":2},"end":{"line":222,"column":3}},"56":{"start":{"line":180,"column":6},"end":{"line":180,"column":16}},"57":{"start":{"line":181,"column":22},"end":{"line":181,"column":31}},"58":{"start":{"line":183,"column":4},"end":{"line":198,"column":5}},"59":{"start":{"line":185,"column":8},"end":{"line":185,"column":67}},"60":{"start":{"line":187,"column":8},"end":{"line":187,"column":74}},"61":{"start":{"line":189,"column":8},"end":{"line":189,"column":68}},"62":{"start":{"line":191,"column":8},"end":{"line":191,"column":71}},"63":{"start":{"line":193,"column":8},"end":{"line":193,"column":71}},"64":{"start":{"line":195,"column":8},"end":{"line":197,"column":76}},"65":{"start":{"line":200,"column":21},"end":{"line":204,"column":5}},"66":{"start":{"line":205,"column":4},"end":{"line":208,"column":5}},"67":{"start":{"line":206,"column":6},"end":{"line":206,"column":56}},"68":{"start":{"line":207,"column":6},"end":{"line":207,"column":46}},"69":{"start":{"line":209,"column":4},"end":{"line":209,"column":26}},"70":{"start":{"line":210,"column":4},"end":{"line":214,"column":7}},"71":{"start":{"line":216,"column":24},"end":{"line":216,"column":81}},"72":{"start":{"line":217,"column":4},"end":{"line":221,"column":7}},"73":{"start":{"line":226,"column":40},"end":{"line":245,"column":1}},"74":{"start":{"line":227,"column":2},"end":{"line":244,"column":3}},"75":{"start":{"line":228,"column":31},"end":{"line":228,"column":39}},"76":{"start":{"line":229,"column":15},"end":{"line":229,"column":17}},"77":{"start":{"line":230,"column":4},"end":{"line":230,"column":52}},"78":{"start":{"line":230,"column":28},"end":{"line":230,"column":52}},"79":{"start":{"line":231,"column":4},"end":{"line":231,"column":70}},"80":{"start":{"line":231,"column":22},"end":{"line":231,"column":70}},"81":{"start":{"line":232,"column":21},"end":{"line":232,"column":50}},"82":{"start":{"line":233,"column":4},"end":{"line":236,"column":7}},"83":{"start":{"line":238,"column":24},"end":{"line":238,"column":81}},"84":{"start":{"line":239,"column":4},"end":{"line":243,"column":7}},"85":{"start":{"line":248,"column":38},"end":{"line":263,"column":1}},"86":{"start":{"line":249,"column":2},"end":{"line":262,"column":3}},"87":{"start":{"line":250,"column":18},"end":{"line":250,"column":70}},"88":{"start":{"line":251,"column":4},"end":{"line":254,"column":7}},"89":{"start":{"line":256,"column":24},"end":{"line":256,"column":81}},"90":{"start":{"line":257,"column":4},"end":{"line":261,"column":7}},"91":{"start":{"line":266,"column":37},"end":{"line":288,"column":1}},"92":{"start":{"line":267,"column":2},"end":{"line":287,"column":3}},"93":{"start":{"line":268,"column":20},"end":{"line":268,"column":21}},"94":{"start":{"line":269,"column":17},"end":{"line":269,"column":54}},"95":{"start":{"line":270,"column":21},"end":{"line":275,"column":30}},"96":{"start":{"line":276,"column":4},"end":{"line":279,"column":7}},"97":{"start":{"line":281,"column":24},"end":{"line":281,"column":81}},"98":{"start":{"line":282,"column":4},"end":{"line":286,"column":7}},"99":{"start":{"line":291,"column":39},"end":{"line":311,"column":1}},"100":{"start":{"line":292,"column":2},"end":{"line":310,"column":3}},"101":{"start":{"line":293,"column":24},"end":{"line":293,"column":34}},"102":{"start":{"line":294,"column":20},"end":{"line":301,"column":23}},"103":{"start":{"line":302,"column":4},"end":{"line":302,"column":22}},"104":{"start":{"line":304,"column":24},"end":{"line":304,"column":81}},"105":{"start":{"line":305,"column":4},"end":{"line":309,"column":7}},"106":{"start":{"line":314,"column":40},"end":{"line":337,"column":1}},"107":{"start":{"line":315,"column":2},"end":{"line":336,"column":3}},"108":{"start":{"line":316,"column":25},"end":{"line":316,"column":35}},"109":{"start":{"line":317,"column":21},"end":{"line":324,"column":27}},"110":{"start":{"line":325,"column":4},"end":{"line":328,"column":7}},"111":{"start":{"line":330,"column":24},"end":{"line":330,"column":81}},"112":{"start":{"line":331,"column":4},"end":{"line":335,"column":7}},"113":{"start":{"line":340,"column":41},"end":{"line":357,"column":1}},"114":{"start":{"line":341,"column":2},"end":{"line":356,"column":3}},"115":{"start":{"line":342,"column":21},"end":{"line":342,"column":75}},"116":{"start":{"line":343,"column":21},"end":{"line":343,"column":79}},"117":{"start":{"line":344,"column":4},"end":{"line":348,"column":7}},"118":{"start":{"line":350,"column":24},"end":{"line":350,"column":81}},"119":{"start":{"line":351,"column":4},"end":{"line":355,"column":7}},"120":{"start":{"line":361,"column":40},"end":{"line":373,"column":1}},"121":{"start":{"line":362,"column":2},"end":{"line":372,"column":3}},"122":{"start":{"line":363,"column":4},"end":{"line":369,"column":7}},"123":{"start":{"line":364,"column":6},"end":{"line":368,"column":7}},"124":{"start":{"line":365,"column":8},"end":{"line":365,"column":34}},"125":{"start":{"line":367,"column":8},"end":{"line":367,"column":27}},"126":{"start":{"line":371,"column":24},"end":{"line":371,"column":81}},"127":{"start":{"line":376,"column":42},"end":{"line":407,"column":1}},"128":{"start":{"line":377,"column":2},"end":{"line":406,"column":3}},"129":{"start":{"line":378,"column":28},"end":{"line":378,"column":36}},"130":{"start":{"line":379,"column":16},"end":{"line":379,"column":17}},"131":{"start":{"line":380,"column":4},"end":{"line":382,"column":7}},"132":{"start":{"line":381,"column":6},"end":{"line":381,"column":23}},"133":{"start":{"line":383,"column":25},"end":{"line":403,"column":5}},"134":{"start":{"line":392,"column":8},"end":{"line":401,"column":9}},"135":{"start":{"line":393,"column":24},"end":{"line":397,"column":19}},"136":{"start":{"line":398,"column":10},"end":{"line":398,"column":33}},"137":{"start":{"line":400,"column":10},"end":{"line":400,"column":38}},"138":{"start":{"line":405,"column":24},"end":{"line":405,"column":81}},"139":{"start":{"line":414,"column":85},"end":{"line":414,"column":46370}},"140":{"start":{"line":414,"column":89},"end":{"line":414,"column":46342}},"141":{"start":{"line":414,"column":46352},"end":{"line":414,"column":46369}}},"fnMap":{"0":{"name":"(anonymous_0)","decl":{"start":{"line":20,"column":39},"end":{"line":20,"column":40}},"loc":{"start":{"line":20,"column":59},"end":{"line":76,"column":1}},"line":20},"1":{"name":"(anonymous_1)","decl":{"start":{"line":79,"column":36},"end":{"line":79,"column":37}},"loc":{"start":{"line":79,"column":56},"end":{"line":101,"column":1}},"line":79},"2":{"name":"(anonymous_2)","decl":{"start":{"line":103,"column":42},"end":{"line":103,"column":43}},"loc":{"start":{"line":103,"column":62},"end":{"line":122,"column":1}},"line":103},"3":{"name":"(anonymous_3)","decl":{"start":{"line":125,"column":38},"end":{"line":125,"column":39}},"loc":{"start":{"line":125,"column":58},"end":{"line":140,"column":1}},"line":125},"4":{"name":"(anonymous_4)","decl":{"start":{"line":143,"column":39},"end":{"line":143,"column":40}},"loc":{"start":{"line":143,"column":59},"end":{"line":174,"column":1}},"line":143},"5":{"name":"(anonymous_5)","decl":{"start":{"line":177,"column":39},"end":{"line":177,"column":40}},"loc":{"start":{"line":177,"column":59},"end":{"line":223,"column":1}},"line":177},"6":{"name":"(anonymous_6)","decl":{"start":{"line":226,"column":40},"end":{"line":226,"column":41}},"loc":{"start":{"line":226,"column":60},"end":{"line":245,"column":1}},"line":226},"7":{"name":"(anonymous_7)","decl":{"start":{"line":248,"column":38},"end":{"line":248,"column":39}},"loc":{"start":{"line":248,"column":58},"end":{"line":263,"column":1}},"line":248},"8":{"name":"(anonymous_8)","decl":{"start":{"line":266,"column":37},"end":{"line":266,"column":38}},"loc":{"start":{"line":266,"column":57},"end":{"line":288,"column":1}},"line":266},"9":{"name":"(anonymous_9)","decl":{"start":{"line":291,"column":39},"end":{"line":291,"column":40}},"loc":{"start":{"line":291,"column":59},"end":{"line":311,"column":1}},"line":291},"10":{"name":"(anonymous_10)","decl":{"start":{"line":314,"column":40},"end":{"line":314,"column":41}},"loc":{"start":{"line":314,"column":60},"end":{"line":337,"column":1}},"line":314},"11":{"name":"(anonymous_11)","decl":{"start":{"line":340,"column":41},"end":{"line":340,"column":42}},"loc":{"start":{"line":340,"column":61},"end":{"line":357,"column":1}},"line":340},"12":{"name":"(anonymous_12)","decl":{"start":{"line":361,"column":40},"end":{"line":361,"column":41}},"loc":{"start":{"line":361,"column":60},"end":{"line":373,"column":1}},"line":361},"13":{"name":"(anonymous_13)","decl":{"start":{"line":363,"column":37},"end":{"line":363,"column":38}},"loc":{"start":{"line":363,"column":62},"end":{"line":369,"column":5}},"line":363},"14":{"name":"(anonymous_14)","decl":{"start":{"line":376,"column":42},"end":{"line":376,"column":43}},"loc":{"start":{"line":376,"column":62},"end":{"line":407,"column":1}},"line":376},"15":{"name":"(anonymous_15)","decl":{"start":{"line":380,"column":13},"end":{"line":380,"column":14}},"loc":{"start":{"line":380,"column":20},"end":{"line":382,"column":5}},"line":380},"16":{"name":"(anonymous_16)","decl":{"start":{"line":391,"column":6},"end":{"line":391,"column":7}},"loc":{"start":{"line":391,"column":31},"end":{"line":402,"column":7}},"line":391},"17":{"name":"oo_cm","decl":{"start":{"line":414,"column":77},"end":{"line":414,"column":82}},"loc":{"start":{"line":414,"column":84},"end":{"line":414,"column":46371}},"line":414}},"branchMap":{"0":{"loc":{"start":{"line":22,"column":4},"end":{"line":24,"column":5}},"type":"if","locations":[{"start":{"line":22,"column":4},"end":{"line":24,"column":5}},{"start":{},"end":{}}],"line":22},"1":{"loc":{"start":{"line":30,"column":4},"end":{"line":45,"column":5}},"type":"switch","locations":[{"start":{"line":31,"column":6},"end":{"line":32,"column":67}},{"start":{"line":33,"column":6},"end":{"line":34,"column":74}},{"start":{"line":35,"column":6},"end":{"line":36,"column":68}},{"start":{"line":37,"column":6},"end":{"line":38,"column":71}},{"start":{"line":39,"column":6},"end":{"line":40,"column":71}},{"start":{"line":41,"column":6},"end":{"line":44,"column":60}}],"line":30},"2":{"loc":{"start":{"line":41,"column":11},"end":{"line":41,"column":40}},"type":"binary-expr","locations":[{"start":{"line":41,"column":11},"end":{"line":41,"column":16}},{"start":{"line":41,"column":20},"end":{"line":41,"column":40}}],"line":41},"3":{"loc":{"start":{"line":56,"column":4},"end":{"line":61,"column":5}},"type":"if","locations":[{"start":{"line":56,"column":4},"end":{"line":61,"column":5}},{"start":{},"end":{}}],"line":56},"4":{"loc":{"start":{"line":128,"column":4},"end":{"line":131,"column":5}},"type":"if","locations":[{"start":{"line":128,"column":4},"end":{"line":131,"column":5}},{"start":{},"end":{}}],"line":128},"5":{"loc":{"start":{"line":148,"column":4},"end":{"line":153,"column":5}},"type":"if","locations":[{"start":{"line":148,"column":4},"end":{"line":153,"column":5}},{"start":{},"end":{}}],"line":148},"6":{"loc":{"start":{"line":156,"column":4},"end":{"line":161,"column":5}},"type":"if","locations":[{"start":{"line":156,"column":4},"end":{"line":161,"column":5}},{"start":{},"end":{}}],"line":156},"7":{"loc":{"start":{"line":183,"column":4},"end":{"line":198,"column":5}},"type":"switch","locations":[{"start":{"line":184,"column":6},"end":{"line":185,"column":67}},{"start":{"line":186,"column":6},"end":{"line":187,"column":74}},{"start":{"line":188,"column":6},"end":{"line":189,"column":68}},{"start":{"line":190,"column":6},"end":{"line":191,"column":71}},{"start":{"line":192,"column":6},"end":{"line":193,"column":71}},{"start":{"line":194,"column":6},"end":{"line":197,"column":76}}],"line":183},"8":{"loc":{"start":{"line":194,"column":11},"end":{"line":194,"column":40}},"type":"binary-expr","locations":[{"start":{"line":194,"column":11},"end":{"line":194,"column":16}},{"start":{"line":194,"column":20},"end":{"line":194,"column":40}}],"line":194},"9":{"loc":{"start":{"line":205,"column":4},"end":{"line":208,"column":5}},"type":"if","locations":[{"start":{"line":205,"column":4},"end":{"line":208,"column":5}},{"start":{},"end":{}}],"line":205},"10":{"loc":{"start":{"line":230,"column":4},"end":{"line":230,"column":52}},"type":"if","locations":[{"start":{"line":230,"column":4},"end":{"line":230,"column":52}},{"start":{},"end":{}}],"line":230},"11":{"loc":{"start":{"line":231,"column":4},"end":{"line":231,"column":70}},"type":"if","locations":[{"start":{"line":231,"column":4},"end":{"line":231,"column":70}},{"start":{},"end":{}}],"line":231},"12":{"loc":{"start":{"line":269,"column":17},"end":{"line":269,"column":54}},"type":"cond-expr","locations":[{"start":{"line":269,"column":35},"end":{"line":269,"column":50}},{"start":{"line":269,"column":53},"end":{"line":269,"column":54}}],"line":269},"13":{"loc":{"start":{"line":364,"column":6},"end":{"line":368,"column":7}},"type":"if","locations":[{"start":{"line":364,"column":6},"end":{"line":368,"column":7}},{"start":{"line":366,"column":13},"end":{"line":368,"column":7}}],"line":364},"14":{"loc":{"start":{"line":392,"column":8},"end":{"line":401,"column":9}},"type":"if","locations":[{"start":{"line":392,"column":8},"end":{"line":401,"column":9}},{"start":{"line":399,"column":15},"end":{"line":401,"column":9}}],"line":392},"15":{"loc":{"start":{"line":414,"column":96},"end":{"line":414,"column":46341}},"type":"binary-expr","locations":[{"start":{"line":414,"column":96},"end":{"line":414,"column":133}},{"start":{"line":414,"column":137},"end":{"line":414,"column":46341}}],"line":414}},"s":{"0":1,"1":1,"2":1,"3":24,"4":24,"5":1,"6":23,"7":23,"8":23,"9":23,"10":3,"11":1,"12":1,"13":1,"14":1,"15":2,"16":14,"17":14,"18":4,"19":13,"20":12,"21":2,"22":2,"23":1,"24":0,"25":0,"26":0,"27":0,"28":0,"29":1,"30":0,"31":0,"32":0,"33":0,"34":0,"35":1,"36":0,"37":0,"38":0,"39":0,"40":0,"41":0,"42":0,"43":1,"44":8,"45":8,"46":8,"47":2,"48":6,"49":4,"50":1,"51":3,"52":2,"53":2,"54":1,"55":0,"56":0,"57":0,"58":0,"59":0,"60":0,"61":0,"62":0,"63":0,"64":0,"65":0,"66":0,"67":0,"68":0,"69":0,"70":0,"71":0,"72":0,"73":1,"74":0,"75":0,"76":0,"77":0,"78":0,"79":0,"80":0,"81":0,"82":0,"83":0,"84":0,"85":1,"86":0,"87":0,"88":0,"89":0,"90":0,"91":1,"92":0,"93":0,"94":0,"95":0,"96":0,"97":0,"98":0,"99":1,"100":0,"101":0,"102":0,"103":0,"104":0,"105":0,"106":1,"107":0,"108":0,"109":0,"110":0,"111":0,"112":0,"113":1,"114":0,"115":0,"116":0,"117":0,"118":0,"119":0,"120":1,"121":0,"122":0,"123":0,"124":0,"125":0,"126":0,"127":1,"128":0,"129":0,"130":0,"131":0,"132":0,"133":0,"134":0,"135":0,"136":0,"137":0,"138":0,"139":27,"140":27,"141":0},"f":{"0":24,"1":0,"2":0,"3":0,"4":8,"5":0,"6":0,"7":0,"8":0,"9":0,"10":0,"11":0,"12":0,"13":0,"14":0,"15":0,"16":0,"17":27},"b":{"0":[1,23],"1":[3,1,1,1,1,2],"2":[16,6],"3":[4,10],"4":[0,0],"5":[2,6],"6":[1,3],"7":[0,0,0,0,0,0],"8":[0,0],"9":[0,0],"10":[0,0],"11":[0,0],"12":[0,0],"13":[0,0],"14":[0,0],"15":[27,1]},"_coverageSchema":"1a1c01bbd47fc00a2c39e90264f33305004495a9","hash":"3507ea9e2e9b32854a7a29d46f48eff4dbc6a2bd"}
,"C:\\Foo Chao\\NUS\\Y3S2\\CS4218\\CS4218 project\\models\\categoryModel.js": {"path":"C:\\Foo Chao\\NUS\\Y3S2\\CS4218\\CS4218 project\\models\\categoryModel.js","statementMap":{"0":{"start":{"line":3,"column":23},"end":{"line":13,"column":2}}},"fnMap":{},"branchMap":{},"s":{"0":1},"f":{},"b":{},"_coverageSchema":"1a1c01bbd47fc00a2c39e90264f33305004495a9","hash":"ea03b2d1b5f77a69fd946db48968d23f34c2c315"}
,"C:\\Foo Chao\\NUS\\Y3S2\\CS4218\\CS4218 project\\models\\orderModel.js": {"path":"C:\\Foo Chao\\NUS\\Y3S2\\CS4218\\CS4218 project\\models\\orderModel.js","statementMap":{"0":{"start":{"line":3,"column":20},"end":{"line":23,"column":1}}},"fnMap":{},"branchMap":{},"s":{"0":1},"f":{},"b":{},"_coverageSchema":"1a1c01bbd47fc00a2c39e90264f33305004495a9","hash":"d96bd8cf9281c2471b4c719a25364acae3a7c71f"}
,"C:\\Foo Chao\\NUS\\Y3S2\\CS4218\\CS4218 project\\models\\productModel.js": {"path":"C:\\Foo Chao\\NUS\\Y3S2\\CS4218\\CS4218 project\\models\\productModel.js","statementMap":{"0":{"start":{"line":3,"column":22},"end":{"line":39,"column":1}}},"fnMap":{},"branchMap":{},"s":{"0":1},"f":{},"b":{},"_coverageSchema":"1a1c01bbd47fc00a2c39e90264f33305004495a9","hash":"e785a3bbaa3bdc37def85b5bdea43031ec2f5c39"}
,"C:\\Foo Chao\\NUS\\Y3S2\\CS4218\\CS4218 project\\models\\userModel.js": {"path":"C:\\Foo Chao\\NUS\\Y3S2\\CS4218\\CS4218 project\\models\\userModel.js","statementMap":{"0":{"start":{"line":3,"column":19},"end":{"line":40,"column":1}}},"fnMap":{},"branchMap":{},"s":{"0":1},"f":{},"b":{},"_coverageSchema":"1a1c01bbd47fc00a2c39e90264f33305004495a9","hash":"bfc63527922781a38c59e31fb393b6e64c01e744"}
}
